# JRE version: OpenJDK Runtime Environment Corretto-17.0.14.7.1 (17.0.14+7) (build 17.0.14+7-LTS)
# Java VM: OpenJDK 64-Bit Server VM Corretto-17.0.14.7.1 (17.0.14+7-LTS, mixed mode, sharing, tiered, compressed oops, compressed class ptrs, g1 gc, windows-amd64)
GC Precious Log:
 CPUs: 8 total, 8 available
 Memory: 3790M
 Large Page Support: Disabled
 NUMA Support: Disabled
 Compressed Oops: Enabled (32-bit)
 Heap Region Size: 1M
 Heap Min Capacity: 8M
 Heap Initial Capacity: 60M
 Heap Max Capacity: 948M
 Pre-touch: Disabled
 Parallel Workers: 8
 Concurrent Workers: 2
 Concurrent Refinement Workers: 8
 Periodic GC: Disabled
Heap:
 garbage-first heap   total 331776K, used 133085K [0x00000000c4c00000, 0x0000000100000000)
  region size 1024K, 16 young (16384K), 5 survivors (5120K)
 Metaspace       used 92731K, committed 93440K, reserved 1179648K
  class space    used 12500K, committed 12864K, reserved 1048576K
GC Heap History (20 events):
Event: 12.044 GC heap before
{Heap before GC invocations=37 (full 0):
 garbage-first heap   total 81920K, used 68018K [0x00000000c4c00000, 0x0000000100000000)
  region size 1024K, 24 young (24576K), 1 survivors (1024K)
 Metaspace       used 78677K, committed 79296K, reserved 1179648K
  class space    used 10847K, committed 11136K, reserved 1048576K
}
Event: 12.047 GC heap after
{Heap after GC invocations=38 (full 0):
 garbage-first heap   total 141312K, used 46252K [0x00000000c4c00000, 0x0000000100000000)
  region size 1024K, 2 young (2048K), 2 survivors (2048K)
 Metaspace       used 78677K, committed 79296K, reserved 1179648K
  class space    used 10847K, committed 11136K, reserved 1048576K
}
Event: 14.059 GC heap before
{Heap before GC invocations=39 (full 0):
 garbage-first heap   total 141312K, used 119980K [0x00000000c4c00000, 0x0000000100000000)
  region size 1024K, 72 young (73728K), 2 survivors (2048K)
 Metaspace       used 86258K, committed 86848K, reserved 1179648K
  class space    used 11655K, committed 11968K, reserved 1048576K
}
Event: 14.069 GC heap after
{Heap after GC invocations=40 (full 0):
 garbage-first heap   total 141312K, used 53472K [0x00000000c4c00000, 0x0000000100000000)
  region size 1024K, 8 young (8192K), 8 survivors (8192K)
 Metaspace       used 86258K, committed 86848K, reserved 1179648K
  class space    used 11655K, committed 11968K, reserved 1048576K
}
Event: 14.216 GC heap before
{Heap before GC invocations=40 (full 0):
 garbage-first heap   total 141312K, used 111840K [0x00000000c4c00000, 0x0000000100000000)
  region size 1024K, 63 young (64512K), 8 survivors (8192K)
 Metaspace       used 86341K, committed 86976K, reserved 1179648K
  class space    used 11655K, committed 11968K, reserved 1048576K
}
Event: 14.228 GC heap after
{Heap after GC invocations=41 (full 0):
 garbage-first heap   total 141312K, used 64679K [0x00000000c4c00000, 0x0000000100000000)
  region size 1024K, 8 young (8192K), 8 survivors (8192K)
 Metaspace       used 86341K, committed 86976K, reserved 1179648K
  class space    used 11655K, committed 11968K, reserved 1048576K
}
Event: 14.344 GC heap before
{Heap before GC invocations=41 (full 0):
 garbage-first heap   total 141312K, used 109735K [0x00000000c4c00000, 0x0000000100000000)
  region size 1024K, 51 young (52224K), 8 survivors (8192K)
 Metaspace       used 86501K, committed 87104K, reserved 1179648K
  class space    used 11669K, committed 11968K, reserved 1048576K
}
Event: 14.356 GC heap after
{Heap after GC invocations=42 (full 0):
 garbage-first heap   total 141312K, used 78631K [0x00000000c4c00000, 0x0000000100000000)
  region size 1024K, 7 young (7168K), 7 survivors (7168K)
 Metaspace       used 86501K, committed 87104K, reserved 1179648K
  class space    used 11669K, committed 11968K, reserved 1048576K
}
Event: 14.376 GC heap before
{Heap before GC invocations=42 (full 0):
 garbage-first heap   total 141312K, used 92967K [0x00000000c4c00000, 0x0000000100000000)
  region size 1024K, 22 young (22528K), 7 survivors (7168K)
 Metaspace       used 86501K, committed 87104K, reserved 1179648K
  class space    used 11669K, committed 11968K, reserved 1048576K
}
Event: 14.383 GC heap after
{Heap after GC invocations=43 (full 0):
 garbage-first heap   total 141312K, used 82651K [0x00000000c4c00000, 0x0000000100000000)
  region size 1024K, 4 young (4096K), 4 survivors (4096K)
 Metaspace       used 86501K, committed 87104K, reserved 1179648K
  class space    used 11669K, committed 11968K, reserved 1048576K
}
Event: 14.456 GC heap before
{Heap before GC invocations=43 (full 0):
 garbage-first heap   total 141312K, used 112347K [0x00000000c4c00000, 0x0000000100000000)
  region size 1024K, 32 young (32768K), 4 survivors (4096K)
 Metaspace       used 86540K, committed 87168K, reserved 1179648K
  class space    used 11669K, committed 11968K, reserved 1048576K
}
Event: 14.462 GC heap after
{Heap after GC invocations=44 (full 0):
 garbage-first heap   total 141312K, used 88686K [0x00000000c4c00000, 0x0000000100000000)
  region size 1024K, 4 young (4096K), 4 survivors (4096K)
 Metaspace       used 86540K, committed 87168K, reserved 1179648K
  class space    used 11669K, committed 11968K, reserved 1048576K
}
Event: 14.544 GC heap before
{Heap before GC invocations=45 (full 0):
 garbage-first heap   total 157696K, used 112238K [0x00000000c4c00000, 0x0000000100000000)
  region size 1024K, 28 young (28672K), 4 survivors (4096K)
 Metaspace       used 86609K, committed 87232K, reserved 1179648K
  class space    used 11675K, committed 11968K, reserved 1048576K
}
Event: 14.552 GC heap after
{Heap after GC invocations=46 (full 0):
 garbage-first heap   total 157696K, used 98452K [0x00000000c4c00000, 0x0000000100000000)
  region size 1024K, 4 young (4096K), 4 survivors (4096K)
 Metaspace       used 86609K, committed 87232K, reserved 1179648K
  class space    used 11675K, committed 11968K, reserved 1048576K
}
Event: 14.571 GC heap before
{Heap before GC invocations=46 (full 0):
 garbage-first heap   total 157696K, used 102548K [0x00000000c4c00000, 0x0000000100000000)
  region size 1024K, 7 young (7168K), 4 survivors (4096K)
 Metaspace       used 86624K, committed 87232K, reserved 1179648K
  class space    used 11675K, committed 11968K, reserved 1048576K
}
Event: 14.577 GC heap after
{Heap after GC invocations=47 (full 0):
 garbage-first heap   total 331776K, used 96994K [0x00000000c4c00000, 0x0000000100000000)
  region size 1024K, 1 young (1024K), 1 survivors (1024K)
 Metaspace       used 86624K, committed 87232K, reserved 1179648K
  class space    used 11675K, committed 11968K, reserved 1048576K
}
Event: 14.929 GC heap before
{Heap before GC invocations=47 (full 0):
 garbage-first heap   total 331776K, used 234210K [0x00000000c4c00000, 0x0000000100000000)
  region size 1024K, 130 young (133120K), 1 survivors (1024K)
 Metaspace       used 86736K, committed 87360K, reserved 1179648K
  class space    used 11682K, committed 12032K, reserved 1048576K
}
Event: 14.978 GC heap after
{Heap after GC invocations=48 (full 0):
 garbage-first heap   total 331776K, used 126928K [0x00000000c4c00000, 0x0000000100000000)
  region size 1024K, 17 young (17408K), 17 survivors (17408K)
 Metaspace       used 86736K, committed 87360K, reserved 1179648K
  class space    used 11682K, committed 12032K, reserved 1048576K
}
Event: 16.394 GC heap before
{Heap before GC invocations=48 (full 0):
 garbage-first heap   total 331776K, used 227280K [0x00000000c4c00000, 0x0000000100000000)
  region size 1024K, 115 young (117760K), 17 survivors (17408K)
 Metaspace       used 91512K, committed 92160K, reserved 1179648K
  class space    used 12340K, committed 12672K, reserved 1048576K
}
Event: 16.406 GC heap after
{Heap after GC invocations=49 (full 0):
 garbage-first heap   total 331776K, used 123869K [0x00000000c4c00000, 0x0000000100000000)
  region size 1024K, 5 young (5120K), 5 survivors (5120K)
 Metaspace       used 91512K, committed 92160K, reserved 1179648K
  class space    used 12340K, committed 12672K, reserved 1048576K
}

